2025-10-09 10:32:42,011 - flask_cors.core - WARNING - Unknown option passed to Flask-CORS: allow_credentials
2025-10-09 10:32:42,013 - flask_cors.core - WARNING - Unknown option passed to Flask-CORS: allow_credentials
2025-10-09 10:32:42,143 - engineio.server - INFO - Server initialized for eventlet.
2025-10-09 10:32:42,280 - __main__ - ERROR - Database connection error: connection to server at "localhost" (::1), port 5432 failed: FATAL:  role "postgres" does not exist

2025-10-09 10:32:42,280 - __main__ - ERROR - Cannot initialize database - connection failed
2025-10-09 10:32:42,280 - __main__ - INFO - Starting ProDS Flask Application with SocketIO
2025-10-09 10:32:42,280 - __main__ - INFO - Database: ProDSGabungan@localhost:5432
2025-10-09 10:32:42,280 - __main__ - INFO - Environment: development
2025-10-09 10:33:16,161 - flask_cors.core - WARNING - Unknown option passed to Flask-CORS: allow_credentials
2025-10-09 10:33:16,161 - flask_cors.core - WARNING - Unknown option passed to Flask-CORS: allow_credentials
2025-10-09 10:33:16,257 - engineio.server - INFO - Server initialized for eventlet.
2025-10-09 10:33:16,277 - __main__ - ERROR - Database connection error: connection to server at "localhost" (::1), port 5432 failed: FATAL:  role "postgres" does not exist

2025-10-09 10:33:16,277 - __main__ - ERROR - Cannot initialize database - connection failed
2025-10-09 10:33:16,278 - __main__ - INFO - Starting ProDS Flask Application with SocketIO
2025-10-09 10:33:16,278 - __main__ - INFO - Database: ProDSGabungan@localhost:5432
2025-10-09 10:33:16,278 - __main__ - INFO - Environment: development
2025-10-09 10:39:29,495 - __main__ - INFO - Starting ProDS Flask Application with SocketIO
2025-10-09 10:39:29,496 - __main__ - INFO - Database: SKM_PUBLIKASI@localhost:5432
2025-10-09 10:39:29,496 - __main__ - INFO - Environment: development
2025-10-09 10:40:55,877 - routes.auth - INFO - User logged in: adji (ID: 1)
2025-10-09 10:42:46,531 - __main__ - INFO - Starting ProDS Flask Application with SocketIO
2025-10-09 10:42:46,532 - __main__ - INFO - Database: SKM_PUBLIKASI@localhost:5432
2025-10-09 10:42:46,532 - __main__ - INFO - Environment: development
2025-10-09 10:43:34,269 - __main__ - INFO - Starting ProDS Flask Application with SocketIO
2025-10-09 10:43:34,269 - __main__ - INFO - Database: SKM_PUBLIKASI@localhost:5432
2025-10-09 10:43:34,269 - __main__ - INFO - Environment: development
2025-10-09 10:46:11,030 - __main__ - INFO - Starting ProDS Flask Application with SocketIO
2025-10-09 10:46:11,030 - __main__ - INFO - Database: SKM_PUBLIKASI@localhost:5432
2025-10-09 10:46:11,030 - __main__ - INFO - Environment: development
2025-10-09 10:59:53,766 - __main__ - INFO - Starting ProDS Flask Application with SocketIO
2025-10-09 10:59:53,766 - __main__ - INFO - Database: SKM_PUBLIKASI@localhost:5432
2025-10-09 10:59:53,766 - __main__ - INFO - Environment: development
2025-10-09 11:19:05,568 - __main__ - INFO - Starting ProDS Flask Application with SocketIO
2025-10-09 11:19:05,568 - __main__ - INFO - Database: SKM_PUBLIKASI@localhost:5432
2025-10-09 11:19:05,568 - __main__ - INFO - Environment: development
2025-10-09 11:22:20,219 - __main__ - INFO - Starting ProDS Flask Application with SocketIO
2025-10-09 11:22:20,219 - __main__ - INFO - Database: SKM_PUBLIKASI@localhost:5432
2025-10-09 11:22:20,219 - __main__ - INFO - Environment: development
2025-10-09 11:42:13,197 - __main__ - INFO - Starting ProDS Flask Application with SocketIO
2025-10-09 11:42:13,197 - __main__ - INFO - Database: SKM_PUBLIKASI@localhost:5432
2025-10-09 11:42:13,197 - __main__ - INFO - Environment: development
2025-10-09 11:49:34,148 - __main__ - INFO - Starting ProDS Flask Application with SocketIO
2025-10-09 11:49:34,148 - __main__ - INFO - Database: SKM_PUBLIKASI@localhost:5432
2025-10-09 11:49:34,148 - __main__ - INFO - Environment: development
2025-10-09 11:52:55,596 - __main__ - INFO - Starting ProDS Flask Application with SocketIO
2025-10-09 11:52:55,597 - __main__ - INFO - Database: SKM_PUBLIKASI@localhost:5432
2025-10-09 11:52:55,597 - __main__ - INFO - Environment: development
2025-10-09 14:56:39,658 - __main__ - INFO - Starting ProDS Flask Application with SocketIO
2025-10-09 14:56:39,659 - __main__ - INFO - Database: SKM_PUBLIKASI@localhost:5432
2025-10-09 14:56:39,659 - __main__ - INFO - Environment: development
2025-10-09 14:57:29,623 - __main__ - INFO - Starting ProDS Flask Application with SocketIO
2025-10-09 14:57:29,624 - __main__ - INFO - Database: SKM_PUBLIKASI@localhost:5432
2025-10-09 14:57:29,624 - __main__ - INFO - Environment: development
2025-10-09 14:58:30,446 - __main__ - INFO - Starting ProDS Flask Application with SocketIO
2025-10-09 14:58:30,446 - __main__ - INFO - Database: SKM_PUBLIKASI@localhost:5432
2025-10-09 14:58:30,446 - __main__ - INFO - Environment: development
2025-10-09 15:20:52,185 - __main__ - INFO - Starting ProDS Flask Application with SocketIO
2025-10-09 15:20:52,185 - __main__ - INFO - Database: SKM_PUBLIKASI@localhost:5432
2025-10-09 15:20:52,185 - __main__ - INFO - Environment: development
2025-10-09 15:27:04,767 - __main__ - INFO - Starting ProDS Flask Application with SocketIO
2025-10-09 15:27:04,767 - __main__ - INFO - Database: SKM_PUBLIKASI@localhost:5432
2025-10-09 15:27:04,767 - __main__ - INFO - Environment: development
2025-10-09 20:40:59,570 - __main__ - INFO - Starting ProDS Flask Application with SocketIO
2025-10-09 20:40:59,570 - __main__ - INFO - Database: SKM_PUBLIKASI@localhost:5432
2025-10-09 20:40:59,570 - __main__ - INFO - Environment: development
2025-10-09 20:55:32,619 - __main__ - INFO - Starting ProDS Flask Application with SocketIO
2025-10-09 20:55:32,619 - __main__ - INFO - Database: SKM_PUBLIKASI@localhost:5432
2025-10-09 20:55:32,620 - __main__ - INFO - Environment: development
2025-10-09 21:41:18,644 - __main__ - INFO - Starting ProDS Flask Application with SocketIO
2025-10-09 21:41:18,644 - __main__ - INFO - Database: SKM_PUBLIKASI@localhost:5432
2025-10-09 21:41:18,644 - __main__ - INFO - Environment: development
2025-10-09 21:46:22,882 - __main__ - INFO - Starting ProDS Flask Application with SocketIO
2025-10-09 21:46:22,883 - __main__ - INFO - Database: SKM_PUBLIKASI@localhost:5432
2025-10-09 21:46:22,883 - __main__ - INFO - Environment: development
2025-10-09 21:52:50,798 - __main__ - INFO - Starting ProDS Flask Application with SocketIO
2025-10-09 21:52:50,798 - __main__ - INFO - Database: SKM_PUBLIKASI@localhost:5432
2025-10-09 21:52:50,798 - __main__ - INFO - Environment: development
2025-10-09 21:52:50,852 - werkzeug - INFO - [31m[1mWARNING: This is a development server. Do not use it in a production deployment. Use a production WSGI server instead.[0m
 * Running on all addresses (0.0.0.0)
 * Running on http://127.0.0.1:5005
 * Running on http://192.168.0.107:5005
2025-10-09 21:52:50,852 - werkzeug - INFO - [33mPress CTRL+C to quit[0m
2025-10-09 21:52:50,852 - werkzeug - INFO -  * Restarting with watchdog (fsevents)
2025-10-09 21:52:51,211 - __main__ - INFO - Starting ProDS Flask Application with SocketIO
2025-10-09 21:52:51,211 - __main__ - INFO - Database: SKM_PUBLIKASI@localhost:5432
2025-10-09 21:52:51,212 - __main__ - INFO - Environment: development
2025-10-09 21:52:51,224 - werkzeug - WARNING -  * Debugger is active!
2025-10-09 21:52:51,257 - werkzeug - INFO -  * Debugger PIN: 580-872-464
2025-10-09 22:14:08,571 - __main__ - INFO - Starting ProDS Flask Application with SocketIO
2025-10-09 22:14:08,572 - __main__ - INFO - Database: SKM_PUBLIKASI@localhost:5432
2025-10-09 22:14:08,572 - __main__ - INFO - Environment: development
2025-10-09 22:14:08,604 - werkzeug - INFO - [31m[1mWARNING: This is a development server. Do not use it in a production deployment. Use a production WSGI server instead.[0m
 * Running on all addresses (0.0.0.0)
 * Running on http://127.0.0.1:5005
 * Running on http://192.168.0.107:5005
2025-10-09 22:14:08,604 - werkzeug - INFO - [33mPress CTRL+C to quit[0m
2025-10-09 22:14:08,605 - werkzeug - INFO -  * Restarting with watchdog (fsevents)
2025-10-09 22:14:08,955 - __main__ - INFO - Starting ProDS Flask Application with SocketIO
2025-10-09 22:14:08,955 - __main__ - INFO - Database: SKM_PUBLIKASI@localhost:5432
2025-10-09 22:14:08,955 - __main__ - INFO - Environment: development
2025-10-09 22:14:08,968 - werkzeug - WARNING -  * Debugger is active!
2025-10-09 22:14:09,135 - werkzeug - INFO -  * Debugger PIN: 580-872-464
2025-10-09 22:14:33,334 - werkzeug - INFO - 127.0.0.1 - - [09/Oct/2025 22:14:33] "POST /api/scraping/sinta/dosen HTTP/1.1" 200 -
